# JRE version: OpenJDK Runtime Environment (19.0.1+10) (build 19.0.1+10-21)
# Java VM: OpenJDK 64-Bit Server VM (19.0.1+10-21, mixed mode, emulated-client, sharing, tiered, compressed oops, compressed class ptrs, g1 gc, linux-amd64)
GC Precious Log:
 CardTable entry size: 512
 Card Set container configuration: InlinePtr #cards 4 size 8 Array Of Cards #cards 16 size 48 Howl #buckets 8 coarsen threshold 3686 Howl Bitmap #cards 512 size 80 coarsen threshold 460 Card regions per heap region 1 cards per card region 4096
 CPUs: 6 total, 6 available
 Memory: 15871M
 Large Page Support: Disabled
 NUMA Support: Disabled
 Compressed Oops: Enabled (Zero based)
 Heap Region Size: 2M
 Heap Min Capacity: 8M
 Heap Initial Capacity: 248M
 Heap Max Capacity: 3968M
 Pre-touch: Disabled
 Parallel Workers: 6
 Concurrent Workers: 2
 Concurrent Refinement Workers: 6
 Periodic GC: Disabled
Heap:
 garbage-first heap   total 110592K, used 90981K [0x0000000708000000, 0x0000000800000000)
  region size 2048K, 27 young (55296K), 1 survivors (2048K)
 Metaspace       used 53525K, committed 54272K, reserved 1114112K
  class space    used 7251K, committed 7616K, reserved 1048576K
GC Heap History (20 events):
Event: 224913.417 GC heap after
{Heap after GC invocations=52 (full 0):
 garbage-first heap   total 110592K, used 37714K [0x0000000708000000, 0x0000000800000000)
  region size 2048K, 1 young (2048K), 1 survivors (2048K)
 Metaspace       used 53525K, committed 54272K, reserved 1114112K
  class space    used 7251K, committed 7616K, reserved 1048576K
}
Event: 230959.692 GC heap before
{Heap before GC invocations=52 (full 0):
 garbage-first heap   total 110592K, used 90962K [0x0000000708000000, 0x0000000800000000)
  region size 2048K, 27 young (55296K), 1 survivors (2048K)
 Metaspace       used 53525K, committed 54272K, reserved 1114112K
  class space    used 7251K, committed 7616K, reserved 1048576K
}
Event: 230959.694 GC heap after
{Heap after GC invocations=53 (full 0):
 garbage-first heap   total 110592K, used 37724K [0x0000000708000000, 0x0000000800000000)
  region size 2048K, 1 young (2048K), 1 survivors (2048K)
 Metaspace       used 53525K, committed 54272K, reserved 1114112K
  class space    used 7251K, committed 7616K, reserved 1048576K
}
Event: 236970.746 GC heap before
{Heap before GC invocations=53 (full 0):
 garbage-first heap   total 110592K, used 90972K [0x0000000708000000, 0x0000000800000000)
  region size 2048K, 27 young (55296K), 1 survivors (2048K)
 Metaspace       used 53525K, committed 54272K, reserved 1114112K
  class space    used 7251K, committed 7616K, reserved 1048576K
}
Event: 236970.749 GC heap after
{Heap after GC invocations=54 (full 0):
 garbage-first heap   total 110592K, used 37729K [0x0000000708000000, 0x0000000800000000)
  region size 2048K, 1 young (2048K), 1 survivors (2048K)
 Metaspace       used 53525K, committed 54272K, reserved 1114112K
  class space    used 7251K, committed 7616K, reserved 1048576K
}
Event: 243035.506 GC heap before
{Heap before GC invocations=54 (full 0):
 garbage-first heap   total 110592K, used 90977K [0x0000000708000000, 0x0000000800000000)
  region size 2048K, 27 young (55296K), 1 survivors (2048K)
 Metaspace       used 53525K, committed 54272K, reserved 1114112K
  class space    used 7251K, committed 7616K, reserved 1048576K
}
Event: 243035.508 GC heap after
{Heap after GC invocations=55 (full 0):
 garbage-first heap   total 110592K, used 37743K [0x0000000708000000, 0x0000000800000000)
  region size 2048K, 1 young (2048K), 1 survivors (2048K)
 Metaspace       used 53525K, committed 54272K, reserved 1114112K
  class space    used 7251K, committed 7616K, reserved 1048576K
}
Event: 249096.200 GC heap before
{Heap before GC invocations=55 (full 0):
 garbage-first heap   total 110592K, used 90991K [0x0000000708000000, 0x0000000800000000)
  region size 2048K, 27 young (55296K), 1 survivors (2048K)
 Metaspace       used 53525K, committed 54272K, reserved 1114112K
  class space    used 7251K, committed 7616K, reserved 1048576K
}
Event: 249096.201 GC heap after
{Heap after GC invocations=56 (full 0):
 garbage-first heap   total 110592K, used 37714K [0x0000000708000000, 0x0000000800000000)
  region size 2048K, 1 young (2048K), 1 survivors (2048K)
 Metaspace       used 53525K, committed 54272K, reserved 1114112K
  class space    used 7251K, committed 7616K, reserved 1048576K
}
Event: 255366.942 GC heap before
{Heap before GC invocations=56 (full 0):
 garbage-first heap   total 110592K, used 90962K [0x0000000708000000, 0x0000000800000000)
  region size 2048K, 27 young (55296K), 1 survivors (2048K)
 Metaspace       used 53525K, committed 54272K, reserved 1114112K
  class space    used 7251K, committed 7616K, reserved 1048576K
}
Event: 255366.945 GC heap after
{Heap after GC invocations=57 (full 0):
 garbage-first heap   total 110592K, used 37541K [0x0000000708000000, 0x0000000800000000)
  region size 2048K, 1 young (2048K), 1 survivors (2048K)
 Metaspace       used 53525K, committed 54272K, reserved 1114112K
  class space    used 7251K, committed 7616K, reserved 1048576K
}
Event: 261337.644 GC heap before
{Heap before GC invocations=57 (full 0):
 garbage-first heap   total 110592K, used 90789K [0x0000000708000000, 0x0000000800000000)
  region size 2048K, 27 young (55296K), 1 survivors (2048K)
 Metaspace       used 53525K, committed 54272K, reserved 1114112K
  class space    used 7251K, committed 7616K, reserved 1048576K
}
Event: 261337.647 GC heap after
{Heap after GC invocations=58 (full 0):
 garbage-first heap   total 110592K, used 37720K [0x0000000708000000, 0x0000000800000000)
  region size 2048K, 1 young (2048K), 1 survivors (2048K)
 Metaspace       used 53525K, committed 54272K, reserved 1114112K
  class space    used 7251K, committed 7616K, reserved 1048576K
}
Event: 267458.392 GC heap before
{Heap before GC invocations=58 (full 0):
 garbage-first heap   total 110592K, used 90968K [0x0000000708000000, 0x0000000800000000)
  region size 2048K, 27 young (55296K), 1 survivors (2048K)
 Metaspace       used 53525K, committed 54272K, reserved 1114112K
  class space    used 7251K, committed 7616K, reserved 1048576K
}
Event: 267458.393 GC heap after
{Heap after GC invocations=59 (full 0):
 garbage-first heap   total 110592K, used 37598K [0x0000000708000000, 0x0000000800000000)
  region size 2048K, 1 young (2048K), 1 survivors (2048K)
 Metaspace       used 53525K, committed 54272K, reserved 1114112K
  class space    used 7251K, committed 7616K, reserved 1048576K
}
Event: 273584.692 GC heap before
{Heap before GC invocations=59 (full 0):
 garbage-first heap   total 110592K, used 90846K [0x0000000708000000, 0x0000000800000000)
  region size 2048K, 27 young (55296K), 1 survivors (2048K)
 Metaspace       used 53525K, committed 54272K, reserved 1114112K
  class space    used 7251K, committed 7616K, reserved 1048576K
}
Event: 273584.695 GC heap after
{Heap after GC invocations=60 (full 0):
 garbage-first heap   total 110592K, used 37751K [0x0000000708000000, 0x0000000800000000)
  region size 2048K, 1 young (2048K), 1 survivors (2048K)
 Metaspace       used 53525K, committed 54272K, reserved 1114112K
  class space    used 7251K, committed 7616K, reserved 1048576K
}
Event: 279764.883 GC heap before
{Heap before GC invocations=60 (full 0):
 garbage-first heap   total 110592K, used 90999K [0x0000000708000000, 0x0000000800000000)
  region size 2048K, 27 young (55296K), 1 survivors (2048K)
 Metaspace       used 53525K, committed 54272K, reserved 1114112K
  class space    used 7251K, committed 7616K, reserved 1048576K
}
Event: 279764.886 GC heap after
{Heap after GC invocations=61 (full 0):
 garbage-first heap   total 110592K, used 37733K [0x0000000708000000, 0x0000000800000000)
  region size 2048K, 1 young (2048K), 1 survivors (2048K)
 Metaspace       used 53525K, committed 54272K, reserved 1114112K
  class space    used 7251K, committed 7616K, reserved 1048576K
}
Event: 285700.624 GC heap before
{Heap before GC invocations=61 (full 0):
 garbage-first heap   total 110592K, used 90981K [0x0000000708000000, 0x0000000800000000)
  region size 2048K, 27 young (55296K), 1 survivors (2048K)
 Metaspace       used 53525K, committed 54272K, reserved 1114112K
  class space    used 7251K, committed 7616K, reserved 1048576K
}

