# JRE version: OpenJDK Runtime Environment (19.0.1+10) (build 19.0.1+10-21)
# Java VM: OpenJDK 64-Bit Server VM (19.0.1+10-21, mixed mode, emulated-client, sharing, tiered, compressed oops, compressed class ptrs, g1 gc, linux-amd64)
GC Precious Log:
 CardTable entry size: 512
 Card Set container configuration: InlinePtr #cards 4 size 8 Array Of Cards #cards 16 size 48 Howl #buckets 8 coarsen threshold 3686 Howl Bitmap #cards 512 size 80 coarsen threshold 460 Card regions per heap region 1 cards per card region 4096
 CPUs: 6 total, 6 available
 Memory: 15871M
 Large Page Support: Disabled
 NUMA Support: Disabled
 Compressed Oops: Enabled (Zero based)
 Heap Region Size: 2M
 Heap Min Capacity: 8M
 Heap Initial Capacity: 248M
 Heap Max Capacity: 3968M
 Pre-touch: Disabled
 Parallel Workers: 6
 Concurrent Workers: 2
 Concurrent Refinement Workers: 6
 Periodic GC: Disabled
Heap:
 garbage-first heap   total 151552K, used 124529K [0x0000000708000000, 0x0000000800000000)
  region size 2048K, 40 young (81920K), 1 survivors (2048K)
 Metaspace       used 70619K, committed 71424K, reserved 1114112K
  class space    used 9761K, committed 10112K, reserved 1048576K
GC Heap History (20 events):
Event: 269472.119 GC heap after
{Heap after GC invocations=181 (full 3):
 garbage-first heap   total 151552K, used 44708K [0x0000000708000000, 0x0000000800000000)
  region size 2048K, 1 young (2048K), 1 survivors (2048K)
 Metaspace       used 70613K, committed 71424K, reserved 1114112K
  class space    used 9760K, committed 10112K, reserved 1048576K
}
Event: 272758.660 GC heap before
{Heap before GC invocations=181 (full 3):
 garbage-first heap   total 151552K, used 124580K [0x0000000708000000, 0x0000000800000000)
  region size 2048K, 40 young (81920K), 1 survivors (2048K)
 Metaspace       used 70619K, committed 71424K, reserved 1114112K
  class space    used 9761K, committed 10112K, reserved 1048576K
}
Event: 272758.661 GC heap after
{Heap after GC invocations=182 (full 3):
 garbage-first heap   total 151552K, used 45572K [0x0000000708000000, 0x0000000800000000)
  region size 2048K, 1 young (2048K), 1 survivors (2048K)
 Metaspace       used 70619K, committed 71424K, reserved 1114112K
  class space    used 9761K, committed 10112K, reserved 1048576K
}
Event: 276049.243 GC heap before
{Heap before GC invocations=183 (full 3):
 garbage-first heap   total 151552K, used 125444K [0x0000000708000000, 0x0000000800000000)
  region size 2048K, 40 young (81920K), 1 survivors (2048K)
 Metaspace       used 70613K, committed 71424K, reserved 1114112K
  class space    used 9760K, committed 10112K, reserved 1048576K
}
Event: 276049.247 GC heap after
{Heap after GC invocations=184 (full 3):
 garbage-first heap   total 151552K, used 45828K [0x0000000708000000, 0x0000000800000000)
  region size 2048K, 1 young (2048K), 1 survivors (2048K)
 Metaspace       used 70613K, committed 71424K, reserved 1114112K
  class space    used 9760K, committed 10112K, reserved 1048576K
}
Event: 276179.606 GC heap before
{Heap before GC invocations=184 (full 3):
 garbage-first heap   total 151552K, used 49924K [0x0000000708000000, 0x0000000800000000)
  region size 2048K, 3 young (6144K), 1 survivors (2048K)
 Metaspace       used 70613K, committed 71424K, reserved 1114112K
  class space    used 9760K, committed 10112K, reserved 1048576K
}
Event: 276179.613 GC heap after
{Heap after GC invocations=185 (full 3):
 garbage-first heap   total 151552K, used 44705K [0x0000000708000000, 0x0000000800000000)
  region size 2048K, 1 young (2048K), 1 survivors (2048K)
 Metaspace       used 70613K, committed 71424K, reserved 1114112K
  class space    used 9760K, committed 10112K, reserved 1048576K
}
Event: 279560.647 GC heap before
{Heap before GC invocations=185 (full 3):
 garbage-first heap   total 151552K, used 124577K [0x0000000708000000, 0x0000000800000000)
  region size 2048K, 40 young (81920K), 1 survivors (2048K)
 Metaspace       used 70619K, committed 71424K, reserved 1114112K
  class space    used 9761K, committed 10112K, reserved 1048576K
}
Event: 279560.651 GC heap after
{Heap after GC invocations=186 (full 3):
 garbage-first heap   total 151552K, used 45605K [0x0000000708000000, 0x0000000800000000)
  region size 2048K, 1 young (2048K), 1 survivors (2048K)
 Metaspace       used 70619K, committed 71424K, reserved 1114112K
  class space    used 9761K, committed 10112K, reserved 1048576K
}
Event: 282941.053 GC heap before
{Heap before GC invocations=187 (full 3):
 garbage-first heap   total 151552K, used 125477K [0x0000000708000000, 0x0000000800000000)
  region size 2048K, 40 young (81920K), 1 survivors (2048K)
 Metaspace       used 70613K, committed 71424K, reserved 1114112K
  class space    used 9760K, committed 10112K, reserved 1048576K
}
Event: 282941.057 GC heap after
{Heap after GC invocations=188 (full 3):
 garbage-first heap   total 151552K, used 45749K [0x0000000708000000, 0x0000000800000000)
  region size 2048K, 1 young (2048K), 1 survivors (2048K)
 Metaspace       used 70613K, committed 71424K, reserved 1114112K
  class space    used 9760K, committed 10112K, reserved 1048576K
}
Event: 283078.919 GC heap before
{Heap before GC invocations=188 (full 3):
 garbage-first heap   total 151552K, used 49845K [0x0000000708000000, 0x0000000800000000)
  region size 2048K, 3 young (6144K), 1 survivors (2048K)
 Metaspace       used 70613K, committed 71424K, reserved 1114112K
  class space    used 9760K, committed 10112K, reserved 1048576K
}
Event: 283078.925 GC heap after
{Heap after GC invocations=189 (full 3):
 garbage-first heap   total 151552K, used 44774K [0x0000000708000000, 0x0000000800000000)
  region size 2048K, 1 young (2048K), 1 survivors (2048K)
 Metaspace       used 70613K, committed 71424K, reserved 1114112K
  class space    used 9760K, committed 10112K, reserved 1048576K
}
Event: 286393.268 GC heap before
{Heap before GC invocations=189 (full 3):
 garbage-first heap   total 151552K, used 124646K [0x0000000708000000, 0x0000000800000000)
  region size 2048K, 40 young (81920K), 1 survivors (2048K)
 Metaspace       used 70619K, committed 71424K, reserved 1114112K
  class space    used 9761K, committed 10112K, reserved 1048576K
}
Event: 286393.272 GC heap after
{Heap after GC invocations=190 (full 3):
 garbage-first heap   total 151552K, used 45669K [0x0000000708000000, 0x0000000800000000)
  region size 2048K, 1 young (2048K), 1 survivors (2048K)
 Metaspace       used 70619K, committed 71424K, reserved 1114112K
  class space    used 9761K, committed 10112K, reserved 1048576K
}
Event: 289662.146 GC heap before
{Heap before GC invocations=191 (full 3):
 garbage-first heap   total 151552K, used 125541K [0x0000000708000000, 0x0000000800000000)
  region size 2048K, 40 young (81920K), 1 survivors (2048K)
 Metaspace       used 70611K, committed 71424K, reserved 1114112K
  class space    used 9759K, committed 10112K, reserved 1048576K
}
Event: 289662.150 GC heap after
{Heap after GC invocations=192 (full 3):
 garbage-first heap   total 151552K, used 45880K [0x0000000708000000, 0x0000000800000000)
  region size 2048K, 1 young (2048K), 1 survivors (2048K)
 Metaspace       used 70611K, committed 71424K, reserved 1114112K
  class space    used 9759K, committed 10112K, reserved 1048576K
}
Event: 289830.683 GC heap before
{Heap before GC invocations=192 (full 3):
 garbage-first heap   total 151552K, used 49976K [0x0000000708000000, 0x0000000800000000)
  region size 2048K, 3 young (6144K), 1 survivors (2048K)
 Metaspace       used 70613K, committed 71424K, reserved 1114112K
  class space    used 9760K, committed 10112K, reserved 1048576K
}
Event: 289830.686 GC heap after
{Heap after GC invocations=193 (full 3):
 garbage-first heap   total 151552K, used 44657K [0x0000000708000000, 0x0000000800000000)
  region size 2048K, 1 young (2048K), 1 survivors (2048K)
 Metaspace       used 70613K, committed 71424K, reserved 1114112K
  class space    used 9760K, committed 10112K, reserved 1048576K
}
Event: 293191.064 GC heap before
{Heap before GC invocations=193 (full 3):
 garbage-first heap   total 151552K, used 124529K [0x0000000708000000, 0x0000000800000000)
  region size 2048K, 40 young (81920K), 1 survivors (2048K)
 Metaspace       used 70619K, committed 71424K, reserved 1114112K
  class space    used 9761K, committed 10112K, reserved 1048576K
}

